2024-11-10 23:35:56,919 - DEBUG - Building prefix dict from the default dictionary ...
2024-11-10 23:35:56,919 - DEBUG - Loading model from cache C:\Users\yanhx\AppData\Local\Temp\jieba.cache
2024-11-10 23:35:57,639 - DEBUG - Loading model cost 0.720 seconds.
2024-11-10 23:35:57,639 - DEBUG - Prefix dict has been built successfully.
2024-11-10 23:35:57,639 - INFO - 找到('生活', 'vn')相关词条
词条相关:[0, 1, 2, 3, 4, 5, 6, 7, 8, 9, 10, 11, 12, 13, 14, 15, 16, 17, 18, 19, 20, 21, 22, 23, 24, 25, 26, 27, 28, 29, 30, 31, 32, 34, 35, 36, 37, 39, 40, 41, 42, 43, 45, 46, 50, 51, 52, 53, 54, 55, 56, 59, 60, 61, 62, 65, 66, 67, 69, 71, 76, 77, 78, 79, 80, 81, 82, 84, 87, 88, 90, 91, 92, 93, 94, 95, 97, 98, 99, 100, 102, 103, 104, 105, 106, 107, 108, 109, 112, 113, 114, 115, 116, 117, 118, 121, 123, 124, 125, 127, 128, 129, 130, 131, 132, 133, 136, 137, 138, 140, 141, 142, 143, 144, 146, 147, 149, 150, 151, 152, 153, 155, 156, 157, 158, 159, 160, 162, 163, 164, 165, 166, 167, 168, 169, 170, 173, 174, 177, 179, 180, 181, 182, 183, 184, 185, 186, 187, 188, 189, 190, 191, 192, 193, 196, 197, 198, 199, 200, 201, 203, 204, 205, 207, 208, 209, 210, 212, 214, 215, 216, 217, 220, 221, 222, 223, 224, 225, 226, 229, 230, 231, 232, 233, 234, 237, 238, 241, 242, 244, 246, 247, 248, 249, 250, 252, 253, 256, 257, 258, 259, 263, 264, 265, 266, 267, 268, 269, 270, 272, 273, 274, 275, 276, 277, 279, 281, 284, 285, 287, 288, 289, 291, 297, 301, 302, 303, 304, 306, 308, 309, 310, 311, 313, 315, 316, 317, 318, 319, 321, 325, 328, 329, 330, 331, 332, 334, 335, 341, 342, 343, 344, 346, 347, 350, 356, 357, 358, 360, 361, 363, 364, 365, 366, 368, 371, 373, 374, 376, 378, 380, 381, 383, 385, 387, 388, 391, 392, 393, 394, 395, 396, 397, 398, 399, 400, 401, 402, 404, 405, 410, 412, 413, 414, 415, 416, 418, 421, 424, 425, 429, 433, 436, 437, 440, 442, 443, 444, 445, 446, 447, 448, 450, 452, 454, 455, 456, 459, 460, 461, 462, 466, 467, 468, 469, 470, 471, 473, 475, 476, 478, 479, 481, 485, 491, 492, 499, 501, 502, 506, 507, 508, 509, 510, 512, 513, 514, 522, 525, 526, 527, 528, 530, 534, 535, 536, 538, 539, 542, 545, 547, 551, 552, 554, 556, 557, 559, 562, 563, 564, 566, 567, 568, 571, 572, 574, 575, 578, 579, 580, 583, 587, 588, 591, 593, 596, 598, 599, 600, 601, 602, 603, 604, 607, 612, 621, 625, 632, 639, 643, 648, 650, 654, 656, 658, 667, 668, 674, 677, 678, 679, 680, 681, 685, 686, 689, 690, 696, 697, 705, 706, 707, 710, 711, 715, 716, 722, 723, 726, 727, 733, 734, 735, 738, 741, 749, 750, 752, 755, 756, 760, 761, 762, 763, 767, 770, 771, 772, 773, 774, 775, 776, 778, 779, 780, 785, 786, 787, 788, 793, 797, 806, 808, 812, 813, 814, 819, 820, 823, 830, 831, 833, 834, 837, 841, 842, 843, 844, 849, 856, 857, 859, 860, 862, 874, 876, 879, 881, 882, 885, 886, 892, 894, 895, 897, 900, 903, 905, 908, 909, 910, 911, 914, 915, 916, 918, 921, 926, 927, 930, 934, 935, 938, 940, 941, 942, 944, 947, 949, 950, 964, 965, 968, 969, 970, 972, 974, 975, 980, 981, 982, 989, 991, 997, 999, 1010, 1011, 1013, 1017, 1019, 1021, 1026, 1028, 1030, 1031, 1033, 1045, 1046, 1051, 1054, 1057, 1058, 1060, 1064, 1066, 1075, 1076, 1081, 1084, 1089, 1091, 1093, 1095, 1097, 1101, 1104, 1107, 1109, 1110, 1111, 1112, 1114, 1115, 1116, 1124, 1125, 1126, 1127, 1131, 1137, 1142, 1146, 1149, 1151, 1153, 1155, 1157, 1158, 1161, 1164, 1165, 1170, 1173, 1175, 1179, 1183, 1184, 1188, 1190, 1193, 1195]

2024-11-10 23:35:57,644 - INFO - (and 生活) 查询语句结果: [0, 1, 2, 3, 4, 5, 6, 7, 8, 9, 10, 11, 12, 13, 14, 15, 16, 17, 18, 19, 20, 21, 22, 23, 24, 25, 26, 27, 28, 29, 30, 31, 32, 34, 35, 36, 37, 39, 40, 41, 42, 43, 45, 46, 50, 51, 52, 53, 54, 55, 56, 59, 60, 61, 62, 65, 66, 67, 69, 71, 76, 77, 78, 79, 80, 81, 82, 84, 87, 88, 90, 91, 92, 93, 94, 95, 97, 98, 99, 100, 102, 103, 104, 105, 106, 107, 108, 109, 112, 113, 114, 115, 116, 117, 118, 121, 123, 124, 125, 127, 128, 129, 130, 131, 132, 133, 136, 137, 138, 140, 141, 142, 143, 144, 146, 147, 149, 150, 151, 152, 153, 155, 156, 157, 158, 159, 160, 162, 163, 164, 165, 166, 167, 168, 169, 170, 173, 174, 177, 179, 180, 181, 182, 183, 184, 185, 186, 187, 188, 189, 190, 191, 192, 193, 196, 197, 198, 199, 200, 201, 203, 204, 205, 207, 208, 209, 210, 212, 214, 215, 216, 217, 220, 221, 222, 223, 224, 225, 226, 229, 230, 231, 232, 233, 234, 237, 238, 241, 242, 244, 246, 247, 248, 249, 250, 252, 253, 256, 257, 258, 259, 263, 264, 265, 266, 267, 268, 269, 270, 272, 273, 274, 275, 276, 277, 279, 281, 284, 285, 287, 288, 289, 291, 297, 301, 302, 303, 304, 306, 308, 309, 310, 311, 313, 315, 316, 317, 318, 319, 321, 325, 328, 329, 330, 331, 332, 334, 335, 341, 342, 343, 344, 346, 347, 350, 356, 357, 358, 360, 361, 363, 364, 365, 366, 368, 371, 373, 374, 376, 378, 380, 381, 383, 385, 387, 388, 391, 392, 393, 394, 395, 396, 397, 398, 399, 400, 401, 402, 404, 405, 410, 412, 413, 414, 415, 416, 418, 421, 424, 425, 429, 433, 436, 437, 440, 442, 443, 444, 445, 446, 447, 448, 450, 452, 454, 455, 456, 459, 460, 461, 462, 466, 467, 468, 469, 470, 471, 473, 475, 476, 478, 479, 481, 485, 491, 492, 499, 501, 502, 506, 507, 508, 509, 510, 512, 513, 514, 522, 525, 526, 527, 528, 530, 534, 535, 536, 538, 539, 542, 545, 547, 551, 552, 554, 556, 557, 559, 562, 563, 564, 566, 567, 568, 571, 572, 574, 575, 578, 579, 580, 583, 587, 588, 591, 593, 596, 598, 599, 600, 601, 602, 603, 604, 607, 612, 621, 625, 632, 639, 643, 648, 650, 654, 656, 658, 667, 668, 674, 677, 678, 679, 680, 681, 685, 686, 689, 690, 696, 697, 705, 706, 707, 710, 711, 715, 716, 722, 723, 726, 727, 733, 734, 735, 738, 741, 749, 750, 752, 755, 756, 760, 761, 762, 763, 767, 770, 771, 772, 773, 774, 775, 776, 778, 779, 780, 785, 786, 787, 788, 793, 797, 806, 808, 812, 813, 814, 819, 820, 823, 830, 831, 833, 834, 837, 841, 842, 843, 844, 849, 856, 857, 859, 860, 862, 874, 876, 879, 881, 882, 885, 886, 892, 894, 895, 897, 900, 903, 905, 908, 909, 910, 911, 914, 915, 916, 918, 921, 926, 927, 930, 934, 935, 938, 940, 941, 942, 944, 947, 949, 950, 964, 965, 968, 969, 970, 972, 974, 975, 980, 981, 982, 989, 991, 997, 999, 1010, 1011, 1013, 1017, 1019, 1021, 1026, 1028, 1030, 1031, 1033, 1045, 1046, 1051, 1054, 1057, 1058, 1060, 1064, 1066, 1075, 1076, 1081, 1084, 1089, 1091, 1093, 1095, 1097, 1101, 1104, 1107, 1109, 1110, 1111, 1112, 1114, 1115, 1116, 1124, 1125, 1126, 1127, 1131, 1137, 1142, 1146, 1149, 1151, 1153, 1155, 1157, 1158, 1161, 1164, 1165, 1170, 1173, 1175, 1179, 1183, 1184, 1188, 1190, 1193, 1195]

2024-11-10 23:35:57,645 - INFO - 
2024-11-10 23:35:57,645 - INFO - 
2024-11-10 23:35:57,646 - INFO - 
2024-11-10 23:35:57,646 - INFO - 
2024-11-10 23:35:57,646 - INFO - 
2024-11-10 23:35:57,646 - INFO - 找到('花', 'n')相关词条
词条相关:[32, 91, 96, 119, 216, 896, 1019, 1027]

2024-11-10 23:35:57,646 - INFO - 
2024-11-10 23:35:57,646 - INFO - 
2024-11-10 23:35:57,646 - INFO - 
2024-11-10 23:35:57,646 - INFO - 
2024-11-10 23:35:57,646 - INFO - 
2024-11-10 23:35:57,646 - INFO - 
2024-11-10 23:35:57,646 - INFO - 
2024-11-10 23:35:57,646 - INFO - 
2024-11-10 23:35:57,646 - INFO - 
2024-11-10 23:35:57,646 - INFO - 
2024-11-10 23:35:57,646 - INFO - 
2024-11-10 23:35:57,646 - INFO - 
2024-11-10 23:35:57,646 - INFO - 
2024-11-10 23:35:57,646 - INFO - 
2024-11-10 23:35:57,646 - INFO - 
2024-11-10 23:35:57,646 - INFO - 
2024-11-10 23:35:57,646 - INFO - 
2024-11-10 23:35:57,647 - INFO - 
2024-11-10 23:35:57,647 - INFO - 
2024-11-10 23:35:57,647 - INFO - 
2024-11-10 23:35:57,647 - INFO - 
2024-11-10 23:35:57,647 - INFO - 
2024-11-10 23:35:57,647 - INFO - 
2024-11-10 23:35:57,647 - INFO - 
2024-11-10 23:35:57,647 - INFO - 
2024-11-10 23:35:57,647 - INFO - 
2024-11-10 23:35:57,647 - INFO - 
2024-11-10 23:35:57,647 - INFO - 
2024-11-10 23:35:57,647 - INFO - 
2024-11-10 23:35:57,647 - INFO - 
2024-11-10 23:35:57,647 - INFO - 
2024-11-10 23:35:57,647 - INFO - 
2024-11-10 23:35:57,647 - INFO - 
2024-11-10 23:35:57,647 - INFO - 
2024-11-10 23:35:57,647 - INFO - 找到('花', 'v')相关词条
词条相关:[0, 1, 5, 7, 20, 23, 25, 33, 60, 71, 81, 93, 96, 98, 132, 148, 209, 224, 236, 240, 251, 309, 358, 412, 438, 449, 451, 488, 525, 526, 535, 590, 655, 665, 682, 688, 693, 704, 708, 769, 791, 799, 827, 844, 870, 883, 890, 923, 952, 971, 979, 1049, 1071, 1113, 1177, 1191, 1197]

2024-11-10 23:35:57,647 - INFO - 
2024-11-10 23:35:57,647 - INFO - 
2024-11-10 23:35:57,647 - INFO - 
2024-11-10 23:35:57,647 - INFO - 
2024-11-10 23:35:57,647 - INFO - 
2024-11-10 23:35:57,647 - INFO - 
2024-11-10 23:35:57,647 - INFO - 
2024-11-10 23:35:57,647 - INFO - 
2024-11-10 23:35:57,647 - INFO - 
2024-11-10 23:35:57,647 - INFO - 
2024-11-10 23:35:57,647 - INFO - 
2024-11-10 23:35:57,647 - INFO - 
2024-11-10 23:35:57,647 - INFO - 
2024-11-10 23:35:57,647 - INFO - 
2024-11-10 23:35:57,647 - INFO - 
2024-11-10 23:35:57,647 - INFO - 
2024-11-10 23:35:57,647 - INFO - 
2024-11-10 23:35:57,647 - INFO - 
2024-11-10 23:35:57,647 - INFO - 
2024-11-10 23:35:57,647 - INFO - 
2024-11-10 23:35:57,647 - INFO - 
2024-11-10 23:35:57,647 - INFO - 
2024-11-10 23:35:57,647 - INFO - 
2024-11-10 23:35:57,647 - INFO - 
2024-11-10 23:35:57,647 - INFO - 
2024-11-10 23:35:57,647 - INFO - 
2024-11-10 23:35:57,647 - INFO - 
2024-11-10 23:35:57,647 - INFO - 
2024-11-10 23:35:57,647 - INFO - 
2024-11-10 23:35:57,647 - INFO - 
2024-11-10 23:35:57,647 - INFO - 
2024-11-10 23:35:57,647 - INFO - 
2024-11-10 23:35:57,647 - INFO - 
2024-11-10 23:35:57,647 - INFO - 
2024-11-10 23:35:57,647 - INFO - 
2024-11-10 23:35:57,647 - INFO - 
2024-11-10 23:35:57,647 - INFO - 
2024-11-10 23:35:57,647 - INFO - 
2024-11-10 23:35:57,647 - INFO - 
2024-11-10 23:35:57,647 - INFO - 
2024-11-10 23:35:57,647 - INFO - 
2024-11-10 23:35:57,647 - INFO - 
2024-11-10 23:35:57,647 - INFO - 
2024-11-10 23:35:57,647 - INFO - 
2024-11-10 23:35:57,647 - INFO - 
2024-11-10 23:35:57,647 - INFO - 
2024-11-10 23:35:57,647 - INFO - 
2024-11-10 23:35:57,647 - INFO - 
2024-11-10 23:35:57,647 - INFO - 
2024-11-10 23:35:57,647 - INFO - 
2024-11-10 23:35:57,647 - INFO - 
2024-11-10 23:35:57,647 - INFO - 找到('婚姻', 'n')相关词条
词条相关:[2, 3, 11, 18, 23, 35, 69, 81, 150, 163, 237, 245, 410, 414, 447, 499, 554, 587, 589, 599, 652, 720, 839, 1017, 1071]

2024-11-10 23:35:57,647 - INFO - 
2024-11-10 23:35:57,649 - INFO - 
2024-11-10 23:35:57,649 - INFO - 
2024-11-10 23:35:57,649 - INFO - 
2024-11-10 23:35:57,649 - INFO - 
2024-11-10 23:35:57,649 - INFO - 
2024-11-10 23:35:57,649 - INFO - 
2024-11-10 23:35:57,649 - INFO - 
2024-11-10 23:35:57,649 - INFO - 
2024-11-10 23:35:57,649 - INFO - 
2024-11-10 23:35:57,649 - INFO - 
2024-11-10 23:35:57,649 - INFO - 
2024-11-10 23:35:57,649 - INFO - 
2024-11-10 23:35:57,649 - INFO - 
2024-11-10 23:35:57,649 - INFO - 
2024-11-10 23:35:57,649 - INFO - 
2024-11-10 23:35:57,649 - INFO - 
2024-11-10 23:35:57,649 - INFO - 
2024-11-10 23:35:57,649 - INFO - 
2024-11-10 23:35:57,649 - INFO - 
2024-11-10 23:35:57,649 - INFO - 
2024-11-10 23:35:57,649 - INFO - 
2024-11-10 23:35:57,649 - INFO - 
2024-11-10 23:35:57,649 - INFO - 
2024-11-10 23:35:57,649 - INFO - 
2024-11-10 23:35:57,649 - INFO - 
2024-11-10 23:35:57,649 - INFO - 
2024-11-10 23:35:57,649 - INFO - 
2024-11-10 23:35:57,649 - INFO - 
2024-11-10 23:35:57,649 - INFO - 
2024-11-10 23:35:57,649 - INFO - 
2024-11-10 23:35:57,649 - INFO - 
2024-11-10 23:35:57,649 - INFO - 
2024-11-10 23:35:57,649 - INFO - 
2024-11-10 23:35:57,649 - INFO - 
2024-11-10 23:35:57,649 - INFO - 
2024-11-10 23:35:57,649 - INFO - 
2024-11-10 23:35:57,649 - INFO - 
2024-11-10 23:35:57,649 - INFO - 
2024-11-10 23:35:57,649 - INFO - 
2024-11-10 23:35:57,649 - INFO - 
2024-11-10 23:35:57,649 - INFO - 
2024-11-10 23:35:57,649 - INFO - 
2024-11-10 23:35:57,649 - INFO - 
2024-11-10 23:35:57,649 - INFO - 
2024-11-10 23:35:57,649 - INFO - 
2024-11-10 23:35:57,649 - INFO - 
2024-11-10 23:35:57,649 - INFO - 
2024-11-10 23:35:57,649 - INFO - 
2024-11-10 23:35:57,649 - INFO - 
2024-11-10 23:35:57,649 - INFO - 
2024-11-10 23:35:57,649 - INFO - 
2024-11-10 23:35:57,649 - INFO - 
2024-11-10 23:35:57,649 - INFO - 
2024-11-10 23:35:57,649 - INFO - 
2024-11-10 23:35:57,649 - INFO - 
2024-11-10 23:35:57,649 - INFO - 
2024-11-10 23:35:57,649 - INFO - 
2024-11-10 23:35:57,649 - INFO - 
2024-11-10 23:35:57,649 - INFO - 
2024-11-10 23:35:57,649 - INFO - 
2024-11-10 23:35:57,649 - INFO - 
2024-11-10 23:35:57,649 - INFO - 
2024-11-10 23:35:57,649 - INFO - 
2024-11-10 23:35:57,649 - INFO - 
2024-11-10 23:35:57,649 - INFO - 
2024-11-10 23:35:57,649 - INFO - 
2024-11-10 23:35:57,649 - INFO - 
2024-11-10 23:35:57,649 - INFO - 
2024-11-10 23:35:57,649 - INFO - 
2024-11-10 23:35:57,649 - INFO - 
2024-11-10 23:35:57,649 - INFO - 
2024-11-10 23:35:57,649 - INFO - 
2024-11-10 23:35:57,649 - INFO - 
2024-11-10 23:35:57,649 - INFO - 
2024-11-10 23:35:57,649 - INFO - 
2024-11-10 23:35:57,649 - INFO - 
2024-11-10 23:35:57,649 - INFO - 
2024-11-10 23:35:57,649 - INFO - 
2024-11-10 23:35:57,649 - INFO - 
2024-11-10 23:35:57,649 - INFO - 
2024-11-10 23:35:57,649 - INFO - (and '花' (not '婚姻'))查询语句结果:[0, 1, 5, 7, 20, 25, 32, 33, 60, 71, 91, 93, 96, 98, 119, 132, 148, 209, 216, 224, 236, 240, 251, 309, 358, 412, 438, 449, 451, 488, 525, 526, 535, 590, 655, 665, 682, 688, 693, 704, 708, 769, 791, 799, 827, 844, 870, 883, 890, 896, 923, 952, 971, 979, 1019, 1027, 1049, 1113, 1177, 1191, 1197]

2024-11-10 23:35:57,649 - INFO - 
2024-11-10 23:35:57,649 - INFO - 
2024-11-10 23:35:57,649 - INFO - 
2024-11-10 23:35:57,649 - INFO - 
2024-11-10 23:35:57,649 - INFO - 
2024-11-10 23:35:57,649 - INFO - 
2024-11-10 23:35:57,649 - INFO - 找到('感情', 'n')相关词条
词条相关:[0, 3, 5, 8, 9, 10, 12, 13, 17, 24, 25, 31, 64, 68, 81, 106, 109, 163, 189, 200, 211, 217, 245, 267, 276, 283, 284, 307, 320, 337, 346, 381, 429, 446, 464, 467, 511, 537, 554, 590, 734, 744, 844, 990, 991, 997, 1008, 1026, 1030, 1172, 1173]

2024-11-10 23:35:57,649 - INFO - 
2024-11-10 23:35:57,649 - INFO - 
2024-11-10 23:35:57,649 - INFO - 
2024-11-10 23:35:57,649 - INFO - 
2024-11-10 23:35:57,649 - INFO - 
2024-11-10 23:35:57,649 - INFO - 
2024-11-10 23:35:57,649 - INFO - 
2024-11-10 23:35:57,649 - INFO - 
2024-11-10 23:35:57,649 - INFO - 
2024-11-10 23:35:57,649 - INFO - 
2024-11-10 23:35:57,649 - INFO - 
2024-11-10 23:35:57,649 - INFO - 
2024-11-10 23:35:57,649 - INFO - 
2024-11-10 23:35:57,649 - INFO - 
2024-11-10 23:35:57,649 - INFO - 
2024-11-10 23:35:57,649 - INFO - 
2024-11-10 23:35:57,649 - INFO - 
2024-11-10 23:35:57,649 - INFO - 
2024-11-10 23:35:57,649 - INFO - 
2024-11-10 23:35:57,649 - INFO - 
2024-11-10 23:35:57,649 - INFO - 
2024-11-10 23:35:57,649 - INFO - 
2024-11-10 23:35:57,649 - INFO - 
2024-11-10 23:35:57,649 - INFO - 
2024-11-10 23:35:57,649 - INFO - 
2024-11-10 23:35:57,649 - INFO - 
2024-11-10 23:35:57,649 - INFO - 
2024-11-10 23:35:57,649 - INFO - 
2024-11-10 23:35:57,649 - INFO - 
2024-11-10 23:35:57,649 - INFO - 
2024-11-10 23:35:57,649 - INFO - 
2024-11-10 23:35:57,649 - INFO - 
2024-11-10 23:35:57,649 - INFO - 
2024-11-10 23:35:57,649 - INFO - 
2024-11-10 23:35:57,649 - INFO - 
2024-11-10 23:35:57,649 - INFO - 
2024-11-10 23:35:57,649 - INFO - 
2024-11-10 23:35:57,649 - INFO - 
2024-11-10 23:35:57,649 - INFO - 
2024-11-10 23:35:57,649 - INFO - 
2024-11-10 23:35:57,649 - INFO - 
2024-11-10 23:35:57,649 - INFO - 
2024-11-10 23:35:57,649 - INFO - 
2024-11-10 23:35:57,649 - INFO - 
2024-11-10 23:35:57,649 - INFO - 
2024-11-10 23:35:57,649 - INFO - 
2024-11-10 23:35:57,649 - INFO - 
2024-11-10 23:35:57,649 - INFO - 
2024-11-10 23:35:57,649 - INFO - 
2024-11-10 23:35:57,649 - INFO - 
2024-11-10 23:35:57,649 - INFO - 
2024-11-10 23:35:57,649 - INFO - 
2024-11-10 23:35:57,649 - INFO - 
2024-11-10 23:35:57,649 - INFO - 
2024-11-10 23:35:57,649 - INFO - 
2024-11-10 23:35:57,649 - INFO - 
2024-11-10 23:35:57,649 - INFO - 
2024-11-10 23:35:57,649 - INFO - 
2024-11-10 23:35:57,649 - INFO - 
2024-11-10 23:35:57,649 - INFO - 
2024-11-10 23:35:57,649 - INFO - 
2024-11-10 23:35:57,649 - INFO - 
2024-11-10 23:35:57,649 - INFO - 
2024-11-10 23:35:57,649 - INFO - 
2024-11-10 23:35:57,649 - INFO - 
2024-11-10 23:35:57,649 - INFO - 
2024-11-10 23:35:57,649 - INFO - 
2024-11-10 23:35:57,649 - INFO - 
2024-11-10 23:35:57,649 - INFO - 
2024-11-10 23:35:57,649 - INFO - 
2024-11-10 23:35:57,649 - INFO - 
2024-11-10 23:35:57,649 - INFO - 
2024-11-10 23:35:57,649 - INFO - 
2024-11-10 23:35:57,649 - INFO - 
2024-11-10 23:35:57,649 - INFO - 
2024-11-10 23:35:57,649 - INFO - 
2024-11-10 23:35:57,649 - INFO - 
2024-11-10 23:35:57,649 - INFO - 
2024-11-10 23:35:57,649 - INFO - 
2024-11-10 23:35:57,649 - INFO - 
2024-11-10 23:35:57,649 - INFO - 
2024-11-10 23:35:57,654 - INFO - (and '花' (not '感情'))查询语句结果:[1, 7, 20, 23, 32, 33, 60, 71, 91, 93, 96, 98, 119, 132, 148, 209, 216, 224, 236, 240, 251, 309, 358, 412, 438, 449, 451, 488, 525, 526, 535, 655, 665, 682, 688, 693, 704, 708, 769, 791, 799, 827, 870, 883, 890, 896, 923, 952, 971, 979, 1019, 1027, 1049, 1071, 1113, 1177, 1191, 1197]

2024-11-10 23:35:57,654 - INFO - (or (and '花' (not '婚姻')) (and '花' (not '感情')))查询语句结果:[0, 1, 5, 7, 20, 23, 25, 32, 33, 60, 71, 91, 93, 96, 98, 119, 132, 148, 209, 216, 224, 236, 240, 251, 309, 358, 412, 438, 449, 451, 488, 525, 526, 535, 590, 655, 665, 682, 688, 693, 704, 708, 769, 791, 799, 827, 844, 870, 883, 890, 896, 923, 952, 971, 979, 1019, 1027, 1049, 1071, 1113, 1177, 1191, 1197]

2024-11-10 23:35:57,654 - INFO - 
2024-11-10 23:38:27,988 - DEBUG - Building prefix dict from the default dictionary ...
2024-11-10 23:38:27,988 - DEBUG - Loading model from cache C:\Users\yanhx\AppData\Local\Temp\jieba.cache
2024-11-10 23:38:28,685 - DEBUG - Loading model cost 0.697 seconds.
2024-11-10 23:38:28,685 - DEBUG - Prefix dict has been built successfully.
2024-11-10 23:40:31,583 - DEBUG - Building prefix dict from the default dictionary ...
2024-11-10 23:40:31,589 - DEBUG - Loading model from cache C:\Users\yanhx\AppData\Local\Temp\jieba.cache
2024-11-10 23:40:32,270 - DEBUG - Loading model cost 0.682 seconds.
2024-11-10 23:40:32,270 - DEBUG - Prefix dict has been built successfully.
